<?xml version="1.0" encoding="UTF-8"?>
<testsuite xmlns:xsi="http://www.w3.org/2001/XMLSchema-instance" xsi:noNamespaceSchemaLocation="https://maven.apache.org/surefire/maven-surefire-plugin/xsd/surefire-test-report-3.0.xsd" version="3.0" name="TestSuite" time="80.559" tests="7" errors="0" skipped="0" failures="0">
  <properties>
    <property name="java.specification.version" value="17"/>
    <property name="webdriver.chrome.driver" value="src/main/resources/driver/windows/chromedriver.exe"/>
    <property name="sun.cpu.isalist" value="amd64"/>
    <property name="sun.jnu.encoding" value="Cp1252"/>
    <property name="java.class.path" value="C:\Users\membr\IdeaProjects\dnv\target\test-classes;C:\Users\membr\IdeaProjects\dnv\target\classes;C:\Users\membr\.m2\repository\org\seleniumhq\selenium\selenium-java\4.1.1\selenium-java-4.1.1.jar;C:\Users\membr\.m2\repository\org\seleniumhq\selenium\selenium-api\4.1.1\selenium-api-4.1.1.jar;C:\Users\membr\.m2\repository\org\seleniumhq\selenium\selenium-chrome-driver\4.1.1\selenium-chrome-driver-4.1.1.jar;C:\Users\membr\.m2\repository\com\google\auto\service\auto-service-annotations\1.0.1\auto-service-annotations-1.0.1.jar;C:\Users\membr\.m2\repository\com\google\auto\service\auto-service\1.0.1\auto-service-1.0.1.jar;C:\Users\membr\.m2\repository\com\google\auto\auto-common\1.2\auto-common-1.2.jar;C:\Users\membr\.m2\repository\com\google\guava\guava\31.0.1-jre\guava-31.0.1-jre.jar;C:\Users\membr\.m2\repository\com\google\guava\failureaccess\1.0.1\failureaccess-1.0.1.jar;C:\Users\membr\.m2\repository\com\google\guava\listenablefuture\9999.0-empty-to-avoid-conflict-with-guava\listenablefuture-9999.0-empty-to-avoid-conflict-with-guava.jar;C:\Users\membr\.m2\repository\org\checkerframework\checker-qual\3.12.0\checker-qual-3.12.0.jar;C:\Users\membr\.m2\repository\com\google\errorprone\error_prone_annotations\2.7.1\error_prone_annotations-2.7.1.jar;C:\Users\membr\.m2\repository\com\google\j2objc\j2objc-annotations\1.3\j2objc-annotations-1.3.jar;C:\Users\membr\.m2\repository\org\seleniumhq\selenium\selenium-chromium-driver\4.1.1\selenium-chromium-driver-4.1.1.jar;C:\Users\membr\.m2\repository\org\seleniumhq\selenium\selenium-json\4.1.1\selenium-json-4.1.1.jar;C:\Users\membr\.m2\repository\org\seleniumhq\selenium\selenium-devtools-v85\4.1.1\selenium-devtools-v85-4.1.1.jar;C:\Users\membr\.m2\repository\org\seleniumhq\selenium\selenium-devtools-v94\4.1.1\selenium-devtools-v94-4.1.1.jar;C:\Users\membr\.m2\repository\org\seleniumhq\selenium\selenium-devtools-v95\4.1.1\selenium-devtools-v95-4.1.1.jar;C:\Users\membr\.m2\repository\org\seleniumhq\selenium\selenium-devtools-v96\4.1.1\selenium-devtools-v96-4.1.1.jar;C:\Users\membr\.m2\repository\org\seleniumhq\selenium\selenium-edge-driver\4.1.1\selenium-edge-driver-4.1.1.jar;C:\Users\membr\.m2\repository\org\seleniumhq\selenium\selenium-firefox-driver\4.1.1\selenium-firefox-driver-4.1.1.jar;C:\Users\membr\.m2\repository\org\seleniumhq\selenium\selenium-firefox-xpi-driver\4.1.1\selenium-firefox-xpi-driver-4.1.1.jar;C:\Users\membr\.m2\repository\org\seleniumhq\selenium\selenium-ie-driver\4.1.1\selenium-ie-driver-4.1.1.jar;C:\Users\membr\.m2\repository\org\seleniumhq\selenium\selenium-opera-driver\4.1.1\selenium-opera-driver-4.1.1.jar;C:\Users\membr\.m2\repository\org\seleniumhq\selenium\selenium-remote-driver\4.1.1\selenium-remote-driver-4.1.1.jar;C:\Users\membr\.m2\repository\io\netty\netty-buffer\4.1.70.Final\netty-buffer-4.1.70.Final.jar;C:\Users\membr\.m2\repository\io\netty\netty-codec-http\4.1.70.Final\netty-codec-http-4.1.70.Final.jar;C:\Users\membr\.m2\repository\io\netty\netty-codec\4.1.70.Final\netty-codec-4.1.70.Final.jar;C:\Users\membr\.m2\repository\io\netty\netty-handler\4.1.70.Final\netty-handler-4.1.70.Final.jar;C:\Users\membr\.m2\repository\io\netty\netty-common\4.1.70.Final\netty-common-4.1.70.Final.jar;C:\Users\membr\.m2\repository\io\netty\netty-transport-classes-epoll\4.1.70.Final\netty-transport-classes-epoll-4.1.70.Final.jar;C:\Users\membr\.m2\repository\io\netty\netty-transport-classes-kqueue\4.1.70.Final\netty-transport-classes-kqueue-4.1.70.Final.jar;C:\Users\membr\.m2\repository\io\netty\netty-transport-native-unix-common\4.1.70.Final\netty-transport-native-unix-common-4.1.70.Final.jar;C:\Users\membr\.m2\repository\io\netty\netty-transport\4.1.70.Final\netty-transport-4.1.70.Final.jar;C:\Users\membr\.m2\repository\io\netty\netty-resolver\4.1.70.Final\netty-resolver-4.1.70.Final.jar;C:\Users\membr\.m2\repository\io\opentelemetry\opentelemetry-api\1.9.1\opentelemetry-api-1.9.1.jar;C:\Users\membr\.m2\repository\io\opentelemetry\opentelemetry-context\1.9.1\opentelemetry-context-1.9.1.jar;C:\Users\membr\.m2\repository\io\opentelemetry\opentelemetry-exporter-logging\1.9.1\opentelemetry-exporter-logging-1.9.1.jar;C:\Users\membr\.m2\repository\io\opentelemetry\opentelemetry-sdk-metrics\1.9.1-alpha\opentelemetry-sdk-metrics-1.9.1-alpha.jar;C:\Users\membr\.m2\repository\io\opentelemetry\opentelemetry-sdk-logs\1.9.1-alpha\opentelemetry-sdk-logs-1.9.1-alpha.jar;C:\Users\membr\.m2\repository\com\fasterxml\jackson\core\jackson-databind\2.13.0\jackson-databind-2.13.0.jar;C:\Users\membr\.m2\repository\com\fasterxml\jackson\core\jackson-annotations\2.13.0\jackson-annotations-2.13.0.jar;C:\Users\membr\.m2\repository\com\fasterxml\jackson\core\jackson-core\2.13.0\jackson-core-2.13.0.jar;C:\Users\membr\.m2\repository\io\opentelemetry\opentelemetry-sdk-common\1.9.1\opentelemetry-sdk-common-1.9.1.jar;C:\Users\membr\.m2\repository\io\opentelemetry\opentelemetry-sdk-extension-autoconfigure-spi\1.9.1\opentelemetry-sdk-extension-autoconfigure-spi-1.9.1.jar;C:\Users\membr\.m2\repository\io\opentelemetry\opentelemetry-sdk-extension-autoconfigure\1.9.1-alpha\opentelemetry-sdk-extension-autoconfigure-1.9.1-alpha.jar;C:\Users\membr\.m2\repository\io\opentelemetry\opentelemetry-sdk-trace\1.9.1\opentelemetry-sdk-trace-1.9.1.jar;C:\Users\membr\.m2\repository\io\opentelemetry\opentelemetry-api-metrics\1.9.1-alpha\opentelemetry-api-metrics-1.9.1-alpha.jar;C:\Users\membr\.m2\repository\io\opentelemetry\opentelemetry-sdk\1.9.1\opentelemetry-sdk-1.9.1.jar;C:\Users\membr\.m2\repository\io\opentelemetry\opentelemetry-semconv\1.9.1-alpha\opentelemetry-semconv-1.9.1-alpha.jar;C:\Users\membr\.m2\repository\io\ous\jtoml\2.0.0\jtoml-2.0.0.jar;C:\Users\membr\.m2\repository\net\bytebuddy\byte-buddy\1.12.2\byte-buddy-1.12.2.jar;C:\Users\membr\.m2\repository\org\apache\commons\commons-exec\1.3\commons-exec-1.3.jar;C:\Users\membr\.m2\repository\org\asynchttpclient\async-http-client\2.12.3\async-http-client-2.12.3.jar;C:\Users\membr\.m2\repository\org\asynchttpclient\async-http-client-netty-utils\2.12.3\async-http-client-netty-utils-2.12.3.jar;C:\Users\membr\.m2\repository\io\netty\netty-codec-socks\4.1.60.Final\netty-codec-socks-4.1.60.Final.jar;C:\Users\membr\.m2\repository\io\netty\netty-handler-proxy\4.1.60.Final\netty-handler-proxy-4.1.60.Final.jar;C:\Users\membr\.m2\repository\io\netty\netty-transport-native-epoll\4.1.60.Final\netty-transport-native-epoll-4.1.60.Final-linux-x86_64.jar;C:\Users\membr\.m2\repository\io\netty\netty-transport-native-kqueue\4.1.60.Final\netty-transport-native-kqueue-4.1.60.Final-osx-x86_64.jar;C:\Users\membr\.m2\repository\org\reactivestreams\reactive-streams\1.0.3\reactive-streams-1.0.3.jar;C:\Users\membr\.m2\repository\com\typesafe\netty\netty-reactive-streams\2.0.4\netty-reactive-streams-2.0.4.jar;C:\Users\membr\.m2\repository\com\sun\activation\jakarta.activation\1.2.2\jakarta.activation-1.2.2.jar;C:\Users\membr\.m2\repository\org\seleniumhq\selenium\selenium-http\4.1.1\selenium-http-4.1.1.jar;C:\Users\membr\.m2\repository\net\jodah\failsafe\2.4.4\failsafe-2.4.4.jar;C:\Users\membr\.m2\repository\org\seleniumhq\selenium\selenium-safari-driver\4.1.1\selenium-safari-driver-4.1.1.jar;C:\Users\membr\.m2\repository\org\seleniumhq\selenium\selenium-support\4.1.1\selenium-support-4.1.1.jar;C:\Users\membr\.m2\repository\org\testng\testng\7.5\testng-7.5.jar;C:\Users\membr\.m2\repository\com\google\code\findbugs\jsr305\3.0.1\jsr305-3.0.1.jar;C:\Users\membr\.m2\repository\com\beust\jcommander\1.78\jcommander-1.78.jar;C:\Users\membr\.m2\repository\org\webjars\jquery\3.5.1\jquery-3.5.1.jar;C:\Users\membr\.m2\repository\org\apache\logging\log4j\log4j-api\2.17.1\log4j-api-2.17.1.jar;C:\Users\membr\.m2\repository\org\apache\logging\log4j\log4j-core\2.17.1\log4j-core-2.17.1.jar;C:\Users\membr\.m2\repository\org\slf4j\slf4j-api\1.7.32\slf4j-api-1.7.32.jar;C:\Users\membr\.m2\repository\org\slf4j\slf4j-simple\1.7.32\slf4j-simple-1.7.32.jar;C:\Users\membr\.m2\repository\commons-io\commons-io\2.11.0\commons-io-2.11.0.jar;"/>
    <property name="java.vm.vendor" value="Oracle Corporation"/>
    <property name="sun.arch.data.model" value="64"/>
    <property name="user.variant" value=""/>
    <property name="java.vendor.url" value="https://java.oracle.com/"/>
    <property name="user.timezone" value="Europe/Madrid"/>
    <property name="os.name" value="Windows 10"/>
    <property name="java.vm.specification.version" value="17"/>
    <property name="sun.java.launcher" value="SUN_STANDARD"/>
    <property name="user.country" value="ES"/>
    <property name="sun.boot.library.path" value="C:\Program Files\Java\jdk-17.0.1\bin"/>
    <property name="sun.java.command" value="C:\Users\membr\AppData\Local\Temp\surefire13323260967237073717\surefirebooter8932519986121211090.jar C:\Users\membr\AppData\Local\Temp\surefire13323260967237073717 2022-01-12T13-12-25_918-jvmRun1 surefire636819078663720tmp surefire_09445743188729334328tmp"/>
    <property name="jdk.debug" value="release"/>
    <property name="surefire.test.class.path" value="C:\Users\membr\IdeaProjects\dnv\target\test-classes;C:\Users\membr\IdeaProjects\dnv\target\classes;C:\Users\membr\.m2\repository\org\seleniumhq\selenium\selenium-java\4.1.1\selenium-java-4.1.1.jar;C:\Users\membr\.m2\repository\org\seleniumhq\selenium\selenium-api\4.1.1\selenium-api-4.1.1.jar;C:\Users\membr\.m2\repository\org\seleniumhq\selenium\selenium-chrome-driver\4.1.1\selenium-chrome-driver-4.1.1.jar;C:\Users\membr\.m2\repository\com\google\auto\service\auto-service-annotations\1.0.1\auto-service-annotations-1.0.1.jar;C:\Users\membr\.m2\repository\com\google\auto\service\auto-service\1.0.1\auto-service-1.0.1.jar;C:\Users\membr\.m2\repository\com\google\auto\auto-common\1.2\auto-common-1.2.jar;C:\Users\membr\.m2\repository\com\google\guava\guava\31.0.1-jre\guava-31.0.1-jre.jar;C:\Users\membr\.m2\repository\com\google\guava\failureaccess\1.0.1\failureaccess-1.0.1.jar;C:\Users\membr\.m2\repository\com\google\guava\listenablefuture\9999.0-empty-to-avoid-conflict-with-guava\listenablefuture-9999.0-empty-to-avoid-conflict-with-guava.jar;C:\Users\membr\.m2\repository\org\checkerframework\checker-qual\3.12.0\checker-qual-3.12.0.jar;C:\Users\membr\.m2\repository\com\google\errorprone\error_prone_annotations\2.7.1\error_prone_annotations-2.7.1.jar;C:\Users\membr\.m2\repository\com\google\j2objc\j2objc-annotations\1.3\j2objc-annotations-1.3.jar;C:\Users\membr\.m2\repository\org\seleniumhq\selenium\selenium-chromium-driver\4.1.1\selenium-chromium-driver-4.1.1.jar;C:\Users\membr\.m2\repository\org\seleniumhq\selenium\selenium-json\4.1.1\selenium-json-4.1.1.jar;C:\Users\membr\.m2\repository\org\seleniumhq\selenium\selenium-devtools-v85\4.1.1\selenium-devtools-v85-4.1.1.jar;C:\Users\membr\.m2\repository\org\seleniumhq\selenium\selenium-devtools-v94\4.1.1\selenium-devtools-v94-4.1.1.jar;C:\Users\membr\.m2\repository\org\seleniumhq\selenium\selenium-devtools-v95\4.1.1\selenium-devtools-v95-4.1.1.jar;C:\Users\membr\.m2\repository\org\seleniumhq\selenium\selenium-devtools-v96\4.1.1\selenium-devtools-v96-4.1.1.jar;C:\Users\membr\.m2\repository\org\seleniumhq\selenium\selenium-edge-driver\4.1.1\selenium-edge-driver-4.1.1.jar;C:\Users\membr\.m2\repository\org\seleniumhq\selenium\selenium-firefox-driver\4.1.1\selenium-firefox-driver-4.1.1.jar;C:\Users\membr\.m2\repository\org\seleniumhq\selenium\selenium-firefox-xpi-driver\4.1.1\selenium-firefox-xpi-driver-4.1.1.jar;C:\Users\membr\.m2\repository\org\seleniumhq\selenium\selenium-ie-driver\4.1.1\selenium-ie-driver-4.1.1.jar;C:\Users\membr\.m2\repository\org\seleniumhq\selenium\selenium-opera-driver\4.1.1\selenium-opera-driver-4.1.1.jar;C:\Users\membr\.m2\repository\org\seleniumhq\selenium\selenium-remote-driver\4.1.1\selenium-remote-driver-4.1.1.jar;C:\Users\membr\.m2\repository\io\netty\netty-buffer\4.1.70.Final\netty-buffer-4.1.70.Final.jar;C:\Users\membr\.m2\repository\io\netty\netty-codec-http\4.1.70.Final\netty-codec-http-4.1.70.Final.jar;C:\Users\membr\.m2\repository\io\netty\netty-codec\4.1.70.Final\netty-codec-4.1.70.Final.jar;C:\Users\membr\.m2\repository\io\netty\netty-handler\4.1.70.Final\netty-handler-4.1.70.Final.jar;C:\Users\membr\.m2\repository\io\netty\netty-common\4.1.70.Final\netty-common-4.1.70.Final.jar;C:\Users\membr\.m2\repository\io\netty\netty-transport-classes-epoll\4.1.70.Final\netty-transport-classes-epoll-4.1.70.Final.jar;C:\Users\membr\.m2\repository\io\netty\netty-transport-classes-kqueue\4.1.70.Final\netty-transport-classes-kqueue-4.1.70.Final.jar;C:\Users\membr\.m2\repository\io\netty\netty-transport-native-unix-common\4.1.70.Final\netty-transport-native-unix-common-4.1.70.Final.jar;C:\Users\membr\.m2\repository\io\netty\netty-transport\4.1.70.Final\netty-transport-4.1.70.Final.jar;C:\Users\membr\.m2\repository\io\netty\netty-resolver\4.1.70.Final\netty-resolver-4.1.70.Final.jar;C:\Users\membr\.m2\repository\io\opentelemetry\opentelemetry-api\1.9.1\opentelemetry-api-1.9.1.jar;C:\Users\membr\.m2\repository\io\opentelemetry\opentelemetry-context\1.9.1\opentelemetry-context-1.9.1.jar;C:\Users\membr\.m2\repository\io\opentelemetry\opentelemetry-exporter-logging\1.9.1\opentelemetry-exporter-logging-1.9.1.jar;C:\Users\membr\.m2\repository\io\opentelemetry\opentelemetry-sdk-metrics\1.9.1-alpha\opentelemetry-sdk-metrics-1.9.1-alpha.jar;C:\Users\membr\.m2\repository\io\opentelemetry\opentelemetry-sdk-logs\1.9.1-alpha\opentelemetry-sdk-logs-1.9.1-alpha.jar;C:\Users\membr\.m2\repository\com\fasterxml\jackson\core\jackson-databind\2.13.0\jackson-databind-2.13.0.jar;C:\Users\membr\.m2\repository\com\fasterxml\jackson\core\jackson-annotations\2.13.0\jackson-annotations-2.13.0.jar;C:\Users\membr\.m2\repository\com\fasterxml\jackson\core\jackson-core\2.13.0\jackson-core-2.13.0.jar;C:\Users\membr\.m2\repository\io\opentelemetry\opentelemetry-sdk-common\1.9.1\opentelemetry-sdk-common-1.9.1.jar;C:\Users\membr\.m2\repository\io\opentelemetry\opentelemetry-sdk-extension-autoconfigure-spi\1.9.1\opentelemetry-sdk-extension-autoconfigure-spi-1.9.1.jar;C:\Users\membr\.m2\repository\io\opentelemetry\opentelemetry-sdk-extension-autoconfigure\1.9.1-alpha\opentelemetry-sdk-extension-autoconfigure-1.9.1-alpha.jar;C:\Users\membr\.m2\repository\io\opentelemetry\opentelemetry-sdk-trace\1.9.1\opentelemetry-sdk-trace-1.9.1.jar;C:\Users\membr\.m2\repository\io\opentelemetry\opentelemetry-api-metrics\1.9.1-alpha\opentelemetry-api-metrics-1.9.1-alpha.jar;C:\Users\membr\.m2\repository\io\opentelemetry\opentelemetry-sdk\1.9.1\opentelemetry-sdk-1.9.1.jar;C:\Users\membr\.m2\repository\io\opentelemetry\opentelemetry-semconv\1.9.1-alpha\opentelemetry-semconv-1.9.1-alpha.jar;C:\Users\membr\.m2\repository\io\ous\jtoml\2.0.0\jtoml-2.0.0.jar;C:\Users\membr\.m2\repository\net\bytebuddy\byte-buddy\1.12.2\byte-buddy-1.12.2.jar;C:\Users\membr\.m2\repository\org\apache\commons\commons-exec\1.3\commons-exec-1.3.jar;C:\Users\membr\.m2\repository\org\asynchttpclient\async-http-client\2.12.3\async-http-client-2.12.3.jar;C:\Users\membr\.m2\repository\org\asynchttpclient\async-http-client-netty-utils\2.12.3\async-http-client-netty-utils-2.12.3.jar;C:\Users\membr\.m2\repository\io\netty\netty-codec-socks\4.1.60.Final\netty-codec-socks-4.1.60.Final.jar;C:\Users\membr\.m2\repository\io\netty\netty-handler-proxy\4.1.60.Final\netty-handler-proxy-4.1.60.Final.jar;C:\Users\membr\.m2\repository\io\netty\netty-transport-native-epoll\4.1.60.Final\netty-transport-native-epoll-4.1.60.Final-linux-x86_64.jar;C:\Users\membr\.m2\repository\io\netty\netty-transport-native-kqueue\4.1.60.Final\netty-transport-native-kqueue-4.1.60.Final-osx-x86_64.jar;C:\Users\membr\.m2\repository\org\reactivestreams\reactive-streams\1.0.3\reactive-streams-1.0.3.jar;C:\Users\membr\.m2\repository\com\typesafe\netty\netty-reactive-streams\2.0.4\netty-reactive-streams-2.0.4.jar;C:\Users\membr\.m2\repository\com\sun\activation\jakarta.activation\1.2.2\jakarta.activation-1.2.2.jar;C:\Users\membr\.m2\repository\org\seleniumhq\selenium\selenium-http\4.1.1\selenium-http-4.1.1.jar;C:\Users\membr\.m2\repository\net\jodah\failsafe\2.4.4\failsafe-2.4.4.jar;C:\Users\membr\.m2\repository\org\seleniumhq\selenium\selenium-safari-driver\4.1.1\selenium-safari-driver-4.1.1.jar;C:\Users\membr\.m2\repository\org\seleniumhq\selenium\selenium-support\4.1.1\selenium-support-4.1.1.jar;C:\Users\membr\.m2\repository\org\testng\testng\7.5\testng-7.5.jar;C:\Users\membr\.m2\repository\com\google\code\findbugs\jsr305\3.0.1\jsr305-3.0.1.jar;C:\Users\membr\.m2\repository\com\beust\jcommander\1.78\jcommander-1.78.jar;C:\Users\membr\.m2\repository\org\webjars\jquery\3.5.1\jquery-3.5.1.jar;C:\Users\membr\.m2\repository\org\apache\logging\log4j\log4j-api\2.17.1\log4j-api-2.17.1.jar;C:\Users\membr\.m2\repository\org\apache\logging\log4j\log4j-core\2.17.1\log4j-core-2.17.1.jar;C:\Users\membr\.m2\repository\org\slf4j\slf4j-api\1.7.32\slf4j-api-1.7.32.jar;C:\Users\membr\.m2\repository\org\slf4j\slf4j-simple\1.7.32\slf4j-simple-1.7.32.jar;C:\Users\membr\.m2\repository\commons-io\commons-io\2.11.0\commons-io-2.11.0.jar;"/>
    <property name="sun.cpu.endian" value="little"/>
    <property name="user.home" value="C:\Users\membr"/>
    <property name="user.language" value="es"/>
    <property name="java.specification.vendor" value="Oracle Corporation"/>
    <property name="java.version.date" value="2021-10-19"/>
    <property name="java.home" value="C:\Program Files\Java\jdk-17.0.1"/>
    <property name="file.separator" value="\"/>
    <property name="basedir" value="C:\Users\membr\IdeaProjects\dnv"/>
    <property name="java.vm.compressedOopsMode" value="Zero based"/>
    <property name="line.separator" value="&#10;"/>
    <property name="java.vm.specification.vendor" value="Oracle Corporation"/>
    <property name="java.specification.name" value="Java Platform API Specification"/>
    <property name="surefire.real.class.path" value="C:\Users\membr\AppData\Local\Temp\surefire13323260967237073717\surefirebooter8932519986121211090.jar"/>
    <property name="user.script" value=""/>
    <property name="sun.management.compiler" value="HotSpot 64-Bit Tiered Compilers"/>
    <property name="java.runtime.version" value="17.0.1+12-LTS-39"/>
    <property name="user.name" value="membr"/>
    <property name="path.separator" value=";"/>
    <property name="os.version" value="10.0"/>
    <property name="java.runtime.name" value="Java(TM) SE Runtime Environment"/>
    <property name="file.encoding" value="Cp1252"/>
    <property name="sun.nio.ch.bugLevel" value=""/>
    <property name="java.vm.name" value="Java HotSpot(TM) 64-Bit Server VM"/>
    <property name="localRepository" value="C:\Users\membr\.m2\repository"/>
    <property name="java.vendor.url.bug" value="https://bugreport.java.com/bugreport/"/>
    <property name="java.io.tmpdir" value="C:\Users\membr\AppData\Local\Temp\"/>
    <property name="java.version" value="17.0.1"/>
    <property name="user.dir" value="C:\Users\membr\IdeaProjects\dnv"/>
    <property name="os.arch" value="amd64"/>
    <property name="java.vm.specification.name" value="Java Virtual Machine Specification"/>
    <property name="sun.os.patch.level" value=""/>
    <property name="native.encoding" value="Cp1252"/>
    <property name="java.library.path" value="C:\Program Files\Java\jdk-17.0.1\bin;C:\WINDOWS\Sun\Java\bin;C:\WINDOWS\system32;C:\WINDOWS;C:\Python310\Scripts\;C:\Python310\;C:\Program Files\Common Files\Oracle\Java\javapath;C:\Program Files (x86)\Common Files\Oracle\Java\javapath;C:\Program Files (x86)\VMware\VMware Workstation\bin\;C:\WINDOWS\system32;C:\WINDOWS;C:\WINDOWS\System32\Wbem;C:\WINDOWS\System32\WindowsPowerShell\v1.0\;C:\WINDOWS\System32\OpenSSH\;C:\Program Files\NVIDIA Corporation\NVIDIA NvDLISR;C:\Users\membr\AppData\Local\Android\Sdk\platform-tools;C:\Users\membr\AppData\Local\Android\Sdk\platforms;C:\Program Files (x86)\NVIDIA Corporation\PhysX\Common;C:\Program Files\Git\cmd;C:\Program Files\nodejs\;C:\ProgramData\chocolatey\bin;C:\Users\membr\AppData\Local\Microsoft\WindowsApps;C:\Program Files\JetBrains\PyCharm Community Edition 2021.2.3\bin;;C:\Program Files\JetBrains\PyCharm 2021.2.3\bin;;C:\Users\membr\AppData\Local\flutter\bin;C:\Users\membr\AppData\Roaming\npm;C:\Program Files\JetBrains\IntelliJ IDEA 2021.3.1\bin;;C:\Program Files\apache-maven-3.8.4\bin;;."/>
    <property name="java.vm.info" value="mixed mode, sharing"/>
    <property name="java.vendor" value="Oracle Corporation"/>
    <property name="java.vm.version" value="17.0.1+12-LTS-39"/>
    <property name="sun.io.unicode.encoding" value="UnicodeLittle"/>
    <property name="java.class.version" value="61.0"/>
  </properties>
  <testcase name="login" classname="pers.membrive.veracity.LoginTest" time="2.146">
    <system-out><![CDATA[13:12:28.881 [main] INFO  pers.membrive.veracity.LoginTest - Driver is initialized
13:12:29.993 [main] INFO  pers.membrive.veracity.LoginTest - Navigated to Home page
13:12:30.728 [main] INFO  pers.membrive.veracity.ObtainProductTest - Driver is initialized
13:12:31.673 [main] INFO  pers.membrive.veracity.ObtainProductTest - Navigated to Home page
13:12:32.388 [main] INFO  pers.membrive.veracity.VerifyCategoryCheck - Driver is initialized
13:12:33.330 [main] INFO  pers.membrive.veracity.VerifyCategoryCheck - Navigated to Home page
13:12:34.178 [main] INFO  pers.membrive.veracity.VerifyIndustryCheck - Driver is initialized
13:12:35.155 [main] INFO  pers.membrive.veracity.VerifyIndustryCheck - Navigated to Home page
13:12:35.982 [main] INFO  pers.membrive.veracity.VerifyProductTypeCheck - Driver is initialized
13:12:36.982 [main] INFO  pers.membrive.veracity.VerifyProductTypeCheck - Navigated to Home page
13:12:37.813 [main] INFO  pers.membrive.veracity.VerifyProviderSelect - Driver is initialized
13:12:38.762 [main] INFO  pers.membrive.veracity.VerifyProviderSelect - Navigated to Home page
13:12:39.508 [main] INFO  pers.membrive.veracity.VerifySearcher - Driver is initialized
13:12:40.661 [main] INFO  pers.membrive.veracity.VerifySearcher - Navigated to Home page
13:12:40.766 [main] DEBUG pers.membrive.veracity.LoginTest - Cookie alert accepted
13:12:41.862 [main] DEBUG pers.membrive.veracity.LoginTest - On login window
13:12:42.880 [main] INFO  pers.membrive.veracity.LoginTest - login succesful
]]></system-out>
    <system-err><![CDATA[[main] INFO org.testng.internal.Utils - [TestRunner] Running the tests in 'suite' with parallel mode:none
[main] INFO org.testng.internal.Utils - [RunInfo] Adding method selector: org.testng.internal.XmlMethodSelector@3c87521 priority: 10
[main] INFO org.testng.internal.Utils - [TestClass] Creating TestClass for [ClassImpl class=pers.membrive.veracity.LoginTest]
[main] INFO org.testng.internal.Utils - [TestClass] Adding method LoginTest.login()[pri:0, instance:null] on TestClass class pers.membrive.veracity.LoginTest
[main] INFO org.testng.internal.Utils - [Utils] MethodGroupsHelper.collectMethodsByGroup() took 0 ms.
[main] INFO org.testng.internal.Utils - [Utils] MethodGroupsHelper.sortMethods() took 1 ms.
[main] INFO org.testng.internal.Utils - [Utils] MethodGroupsHelper.collectMethodsByGroup() took 0 ms.
[main] INFO org.testng.internal.Utils - [Utils] MethodGroupsHelper.sortMethods() took 0 ms.
[main] INFO org.testng.internal.Utils - [XmlMethodSelector] Including method pers.membrive.veracity.initialize()
[main] INFO org.testng.internal.Utils - [Utils] MethodGroupsHelper.collectMethodsByGroup() took 2 ms.
[main] INFO org.testng.internal.Utils - [Utils] MethodGroupsHelper.sortMethods() took 7 ms.
[main] INFO org.testng.internal.Utils - [XmlMethodSelector] Including method pers.membrive.veracity.teardown()
[main] INFO org.testng.internal.Utils - [Utils] MethodGroupsHelper.collectMethodsByGroup() took 0 ms.
[main] INFO org.testng.internal.Utils - [Utils] MethodGroupsHelper.sortMethods() took 0 ms.
[main] INFO org.testng.internal.Utils - [Utils] MethodGroupsHelper.collectMethodsByGroup() took 0 ms.
[main] INFO org.testng.internal.Utils - [Utils] MethodGroupsHelper.sortMethods() took 0 ms.
[main] INFO org.testng.internal.Utils - [Utils] MethodGroupsHelper.collectMethodsByGroup() took 0 ms.
[main] INFO org.testng.internal.Utils - [Utils] MethodGroupsHelper.sortMethods() took 0 ms.
[main] INFO org.testng.internal.Utils - [Utils] MethodGroupsHelper.collectMethodsByGroup() took 0 ms.
[main] INFO org.testng.internal.Utils - [Utils] MethodGroupsHelper.sortMethods() took 0 ms.
[main] INFO org.testng.internal.Utils - [Utils] MethodGroupsHelper.collectMethodsByGroup() took 0 ms.
[main] INFO org.testng.internal.Utils - [Utils] MethodGroupsHelper.sortMethods() took 0 ms.
[main] INFO org.testng.internal.Utils - [Utils] MethodGroupsHelper.collectMethodsByGroup() took 0 ms.
[main] INFO org.testng.internal.Utils - [Utils] MethodGroupsHelper.sortMethods() took 0 ms.
[main] INFO org.testng.internal.Utils - [Utils] MethodGroupsHelper.collectMethodsByGroup() took 0 ms.
[main] INFO org.testng.internal.Utils - [Utils] MethodGroupsHelper.sortMethods() took 0 ms.
[main] INFO org.testng.internal.Utils - [TestClass] Creating TestClass for [ClassImpl class=pers.membrive.veracity.ObtainProductTest]
[main] INFO org.testng.internal.Utils - [TestClass] Adding method ObtainProductTest.obtainProduct()[pri:1, instance:null] on TestClass class pers.membrive.veracity.ObtainProductTest
[main] INFO org.testng.internal.Utils - [Utils] MethodGroupsHelper.collectMethodsByGroup() took 0 ms.
[main] INFO org.testng.internal.Utils - [Utils] MethodGroupsHelper.sortMethods() took 0 ms.
[main] INFO org.testng.internal.Utils - [Utils] MethodGroupsHelper.collectMethodsByGroup() took 0 ms.
[main] INFO org.testng.internal.Utils - [Utils] MethodGroupsHelper.sortMethods() took 0 ms.
[main] INFO org.testng.internal.Utils - [Utils] MethodGroupsHelper.collectMethodsByGroup() took 0 ms.
[main] INFO org.testng.internal.Utils - [Utils] MethodGroupsHelper.sortMethods() took 0 ms.
[main] INFO org.testng.internal.Utils - [Utils] MethodGroupsHelper.collectMethodsByGroup() took 0 ms.
[main] INFO org.testng.internal.Utils - [Utils] MethodGroupsHelper.sortMethods() took 0 ms.
[main] INFO org.testng.internal.Utils - [Utils] MethodGroupsHelper.collectMethodsByGroup() took 0 ms.
[main] INFO org.testng.internal.Utils - [Utils] MethodGroupsHelper.sortMethods() took 0 ms.
[main] INFO org.testng.internal.Utils - [Utils] MethodGroupsHelper.collectMethodsByGroup() took 0 ms.
[main] INFO org.testng.internal.Utils - [Utils] MethodGroupsHelper.sortMethods() took 0 ms.
[main] INFO org.testng.internal.Utils - [Utils] MethodGroupsHelper.collectMethodsByGroup() took 0 ms.
[main] INFO org.testng.internal.Utils - [Utils] MethodGroupsHelper.sortMethods() took 0 ms.
[main] INFO org.testng.internal.Utils - [Utils] MethodGroupsHelper.collectMethodsByGroup() took 0 ms.
[main] INFO org.testng.internal.Utils - [Utils] MethodGroupsHelper.sortMethods() took 0 ms.
[main] INFO org.testng.internal.Utils - [Utils] MethodGroupsHelper.collectMethodsByGroup() took 0 ms.
[main] INFO org.testng.internal.Utils - [Utils] MethodGroupsHelper.sortMethods() took 0 ms.
[main] INFO org.testng.internal.Utils - [Utils] MethodGroupsHelper.collectMethodsByGroup() took 0 ms.
[main] INFO org.testng.internal.Utils - [Utils] MethodGroupsHelper.sortMethods() took 0 ms.
[main] INFO org.testng.internal.Utils - [TestClass] Creating TestClass for [ClassImpl class=pers.membrive.veracity.VerifyCategoryCheck]
[main] INFO org.testng.internal.Utils - [TestClass] Adding method VerifyCategoryCheck.verifyCategoryCheck()[pri:3, instance:null] on TestClass class pers.membrive.veracity.VerifyCategoryCheck
[main] INFO org.testng.internal.Utils - [Utils] MethodGroupsHelper.collectMethodsByGroup() took 0 ms.
[main] INFO org.testng.internal.Utils - [Utils] MethodGroupsHelper.sortMethods() took 0 ms.
[main] INFO org.testng.internal.Utils - [Utils] MethodGroupsHelper.collectMethodsByGroup() took 0 ms.
[main] INFO org.testng.internal.Utils - [Utils] MethodGroupsHelper.sortMethods() took 0 ms.
[main] INFO org.testng.internal.Utils - [Utils] MethodGroupsHelper.collectMethodsByGroup() took 0 ms.
[main] INFO org.testng.internal.Utils - [Utils] MethodGroupsHelper.sortMethods() took 0 ms.
[main] INFO org.testng.internal.Utils - [Utils] MethodGroupsHelper.collectMethodsByGroup() took 0 ms.
[main] INFO org.testng.internal.Utils - [Utils] MethodGroupsHelper.sortMethods() took 0 ms.
[main] INFO org.testng.internal.Utils - [Utils] MethodGroupsHelper.collectMethodsByGroup() took 0 ms.
[main] INFO org.testng.internal.Utils - [Utils] MethodGroupsHelper.sortMethods() took 0 ms.
[main] INFO org.testng.internal.Utils - [Utils] MethodGroupsHelper.collectMethodsByGroup() took 0 ms.
[main] INFO org.testng.internal.Utils - [Utils] MethodGroupsHelper.sortMethods() took 0 ms.
[main] INFO org.testng.internal.Utils - [Utils] MethodGroupsHelper.collectMethodsByGroup() took 0 ms.
[main] INFO org.testng.internal.Utils - [Utils] MethodGroupsHelper.sortMethods() took 0 ms.
[main] INFO org.testng.internal.Utils - [Utils] MethodGroupsHelper.collectMethodsByGroup() took 0 ms.
[main] INFO org.testng.internal.Utils - [Utils] MethodGroupsHelper.sortMethods() took 0 ms.
[main] INFO org.testng.internal.Utils - [Utils] MethodGroupsHelper.collectMethodsByGroup() took 0 ms.
[main] INFO org.testng.internal.Utils - [Utils] MethodGroupsHelper.sortMethods() took 0 ms.
[main] INFO org.testng.internal.Utils - [Utils] MethodGroupsHelper.collectMethodsByGroup() took 0 ms.
[main] INFO org.testng.internal.Utils - [Utils] MethodGroupsHelper.sortMethods() took 0 ms.
[main] INFO org.testng.internal.Utils - [TestClass] Creating TestClass for [ClassImpl class=pers.membrive.veracity.VerifyIndustryCheck]
[main] INFO org.testng.internal.Utils - [TestClass] Adding method VerifyIndustryCheck.verifyIndustryCheck()[pri:0, instance:null] on TestClass class pers.membrive.veracity.VerifyIndustryCheck
[main] INFO org.testng.internal.Utils - [Utils] MethodGroupsHelper.collectMethodsByGroup() took 0 ms.
[main] INFO org.testng.internal.Utils - [Utils] MethodGroupsHelper.sortMethods() took 0 ms.
[main] INFO org.testng.internal.Utils - [Utils] MethodGroupsHelper.collectMethodsByGroup() took 0 ms.
[main] INFO org.testng.internal.Utils - [Utils] MethodGroupsHelper.sortMethods() took 0 ms.
[main] INFO org.testng.internal.Utils - [Utils] MethodGroupsHelper.collectMethodsByGroup() took 0 ms.
[main] INFO org.testng.internal.Utils - [Utils] MethodGroupsHelper.sortMethods() took 0 ms.
[main] INFO org.testng.internal.Utils - [Utils] MethodGroupsHelper.collectMethodsByGroup() took 0 ms.
[main] INFO org.testng.internal.Utils - [Utils] MethodGroupsHelper.sortMethods() took 0 ms.
[main] INFO org.testng.internal.Utils - [Utils] MethodGroupsHelper.collectMethodsByGroup() took 0 ms.
[main] INFO org.testng.internal.Utils - [Utils] MethodGroupsHelper.sortMethods() took 0 ms.
[main] INFO org.testng.internal.Utils - [Utils] MethodGroupsHelper.collectMethodsByGroup() took 0 ms.
[main] INFO org.testng.internal.Utils - [Utils] MethodGroupsHelper.sortMethods() took 0 ms.
[main] INFO org.testng.internal.Utils - [Utils] MethodGroupsHelper.collectMethodsByGroup() took 0 ms.
[main] INFO org.testng.internal.Utils - [Utils] MethodGroupsHelper.sortMethods() took 0 ms.
[main] INFO org.testng.internal.Utils - [Utils] MethodGroupsHelper.collectMethodsByGroup() took 0 ms.
[main] INFO org.testng.internal.Utils - [Utils] MethodGroupsHelper.sortMethods() took 0 ms.
[main] INFO org.testng.internal.Utils - [Utils] MethodGroupsHelper.collectMethodsByGroup() took 0 ms.
[main] INFO org.testng.internal.Utils - [Utils] MethodGroupsHelper.sortMethods() took 0 ms.
[main] INFO org.testng.internal.Utils - [Utils] MethodGroupsHelper.collectMethodsByGroup() took 0 ms.
[main] INFO org.testng.internal.Utils - [Utils] MethodGroupsHelper.sortMethods() took 0 ms.
[main] INFO org.testng.internal.Utils - [TestClass] Creating TestClass for [ClassImpl class=pers.membrive.veracity.VerifyProductTypeCheck]
[main] INFO org.testng.internal.Utils - [TestClass] Adding method VerifyProductTypeCheck.verifyProductTypeCheck()[pri:0, instance:null] on TestClass class pers.membrive.veracity.VerifyProductTypeCheck
[main] INFO org.testng.internal.Utils - [Utils] MethodGroupsHelper.collectMethodsByGroup() took 0 ms.
[main] INFO org.testng.internal.Utils - [Utils] MethodGroupsHelper.sortMethods() took 0 ms.
[main] INFO org.testng.internal.Utils - [Utils] MethodGroupsHelper.collectMethodsByGroup() took 0 ms.
[main] INFO org.testng.internal.Utils - [Utils] MethodGroupsHelper.sortMethods() took 0 ms.
[main] INFO org.testng.internal.Utils - [Utils] MethodGroupsHelper.collectMethodsByGroup() took 0 ms.
[main] INFO org.testng.internal.Utils - [Utils] MethodGroupsHelper.sortMethods() took 0 ms.
[main] INFO org.testng.internal.Utils - [Utils] MethodGroupsHelper.collectMethodsByGroup() took 0 ms.
[main] INFO org.testng.internal.Utils - [Utils] MethodGroupsHelper.sortMethods() took 0 ms.
[main] INFO org.testng.internal.Utils - [Utils] MethodGroupsHelper.collectMethodsByGroup() took 0 ms.
[main] INFO org.testng.internal.Utils - [Utils] MethodGroupsHelper.sortMethods() took 0 ms.
[main] INFO org.testng.internal.Utils - [Utils] MethodGroupsHelper.collectMethodsByGroup() took 0 ms.
[main] INFO org.testng.internal.Utils - [Utils] MethodGroupsHelper.sortMethods() took 0 ms.
[main] INFO org.testng.internal.Utils - [Utils] MethodGroupsHelper.collectMethodsByGroup() took 0 ms.
[main] INFO org.testng.internal.Utils - [Utils] MethodGroupsHelper.sortMethods() took 0 ms.
[main] INFO org.testng.internal.Utils - [Utils] MethodGroupsHelper.collectMethodsByGroup() took 0 ms.
[main] INFO org.testng.internal.Utils - [Utils] MethodGroupsHelper.sortMethods() took 0 ms.
[main] INFO org.testng.internal.Utils - [Utils] MethodGroupsHelper.collectMethodsByGroup() took 0 ms.
[main] INFO org.testng.internal.Utils - [Utils] MethodGroupsHelper.sortMethods() took 0 ms.
[main] INFO org.testng.internal.Utils - [Utils] MethodGroupsHelper.collectMethodsByGroup() took 0 ms.
[main] INFO org.testng.internal.Utils - [Utils] MethodGroupsHelper.sortMethods() took 0 ms.
[main] INFO org.testng.internal.Utils - [TestClass] Creating TestClass for [ClassImpl class=pers.membrive.veracity.VerifyProviderSelect]
[main] INFO org.testng.internal.Utils - [TestClass] Adding method VerifyProviderSelect.verifyProviderSelect()[pri:0, instance:null] on TestClass class pers.membrive.veracity.VerifyProviderSelect
[main] INFO org.testng.internal.Utils - [Utils] MethodGroupsHelper.collectMethodsByGroup() took 0 ms.
[main] INFO org.testng.internal.Utils - [Utils] MethodGroupsHelper.sortMethods() took 0 ms.
[main] INFO org.testng.internal.Utils - [Utils] MethodGroupsHelper.collectMethodsByGroup() took 0 ms.
[main] INFO org.testng.internal.Utils - [Utils] MethodGroupsHelper.sortMethods() took 0 ms.
[main] INFO org.testng.internal.Utils - [Utils] MethodGroupsHelper.collectMethodsByGroup() took 0 ms.
[main] INFO org.testng.internal.Utils - [Utils] MethodGroupsHelper.sortMethods() took 0 ms.
[main] INFO org.testng.internal.Utils - [Utils] MethodGroupsHelper.collectMethodsByGroup() took 0 ms.
[main] INFO org.testng.internal.Utils - [Utils] MethodGroupsHelper.sortMethods() took 0 ms.
[main] INFO org.testng.internal.Utils - [Utils] MethodGroupsHelper.collectMethodsByGroup() took 0 ms.
[main] INFO org.testng.internal.Utils - [Utils] MethodGroupsHelper.sortMethods() took 0 ms.
[main] INFO org.testng.internal.Utils - [Utils] MethodGroupsHelper.collectMethodsByGroup() took 0 ms.
[main] INFO org.testng.internal.Utils - [Utils] MethodGroupsHelper.sortMethods() took 0 ms.
[main] INFO org.testng.internal.Utils - [Utils] MethodGroupsHelper.collectMethodsByGroup() took 0 ms.
[main] INFO org.testng.internal.Utils - [Utils] MethodGroupsHelper.sortMethods() took 0 ms.
[main] INFO org.testng.internal.Utils - [Utils] MethodGroupsHelper.collectMethodsByGroup() took 0 ms.
[main] INFO org.testng.internal.Utils - [Utils] MethodGroupsHelper.sortMethods() took 0 ms.
[main] INFO org.testng.internal.Utils - [Utils] MethodGroupsHelper.collectMethodsByGroup() took 0 ms.
[main] INFO org.testng.internal.Utils - [Utils] MethodGroupsHelper.sortMethods() took 0 ms.
[main] INFO org.testng.internal.Utils - [Utils] MethodGroupsHelper.collectMethodsByGroup() took 0 ms.
[main] INFO org.testng.internal.Utils - [Utils] MethodGroupsHelper.sortMethods() took 0 ms.
[main] INFO org.testng.internal.Utils - [TestClass] Creating TestClass for [ClassImpl class=pers.membrive.veracity.VerifySearcher]
[main] INFO org.testng.internal.Utils - [TestClass] Adding method VerifySearcher.verifySearcher()[pri:0, instance:null] on TestClass class pers.membrive.veracity.VerifySearcher
[main] INFO org.testng.internal.Utils - [Utils] MethodGroupsHelper.collectMethodsByGroup() took 0 ms.
[main] INFO org.testng.internal.Utils - [Utils] MethodGroupsHelper.sortMethods() took 0 ms.
[main] INFO org.testng.internal.Utils - [Utils] MethodGroupsHelper.collectMethodsByGroup() took 0 ms.
[main] INFO org.testng.internal.Utils - [Utils] MethodGroupsHelper.sortMethods() took 0 ms.
[main] INFO org.testng.internal.Utils - [Utils] MethodGroupsHelper.collectMethodsByGroup() took 0 ms.
[main] INFO org.testng.internal.Utils - [Utils] MethodGroupsHelper.sortMethods() took 0 ms.
[main] INFO org.testng.internal.Utils - [Utils] MethodGroupsHelper.collectMethodsByGroup() took 0 ms.
[main] INFO org.testng.internal.Utils - [Utils] MethodGroupsHelper.sortMethods() took 0 ms.
[main] INFO org.testng.internal.Utils - [Utils] MethodGroupsHelper.collectMethodsByGroup() took 0 ms.
[main] INFO org.testng.internal.Utils - [Utils] MethodGroupsHelper.sortMethods() took 0 ms.
[main] INFO org.testng.internal.Utils - [Utils] MethodGroupsHelper.collectMethodsByGroup() took 0 ms.
[main] INFO org.testng.internal.Utils - [Utils] MethodGroupsHelper.sortMethods() took 0 ms.
[main] INFO org.testng.internal.Utils - [Utils] MethodGroupsHelper.collectMethodsByGroup() took 0 ms.
[main] INFO org.testng.internal.Utils - [Utils] MethodGroupsHelper.sortMethods() took 0 ms.
[main] INFO org.testng.internal.Utils - [Utils] MethodGroupsHelper.collectMethodsByGroup() took 0 ms.
[main] INFO org.testng.internal.Utils - [Utils] MethodGroupsHelper.sortMethods() took 0 ms.
[main] INFO org.testng.internal.Utils - [Utils] MethodGroupsHelper.collectMethodsByGroup() took 0 ms.
[main] INFO org.testng.internal.Utils - [Utils] MethodGroupsHelper.sortMethods() took 0 ms.
[main] INFO org.testng.internal.Utils - [Utils] MethodGroupsHelper.collectMethodsByGroup() took 0 ms.
[main] INFO org.testng.internal.Utils - [Utils] MethodGroupsHelper.sortMethods() took 0 ms.
[main] INFO org.testng.internal.Utils - [Utils] MethodGroupsHelper.collectMethodsByGroup() took 0 ms.
[main] INFO org.testng.internal.Utils - [Utils] MethodGroupsHelper.sortMethods() took 0 ms.
[main] INFO org.testng.internal.Utils - [Utils] MethodGroupsHelper.collectMethodsByGroup() took 2 ms.
[main] INFO org.testng.internal.Utils - [Utils] MethodGroupsHelper.sortMethods() took 1 ms.
[main] INFO org.testng.internal.Utils - [XmlMethodSelector] Including method pers.membrive.veracity.login()
[main] INFO org.testng.internal.Utils - [XmlMethodSelector] Including method pers.membrive.veracity.obtainProduct()
[main] INFO org.testng.internal.Utils - [XmlMethodSelector] Including method pers.membrive.veracity.verifyCategoryCheck()
[main] INFO org.testng.internal.Utils - [XmlMethodSelector] Including method pers.membrive.veracity.verifyIndustryCheck()
[main] INFO org.testng.internal.Utils - [XmlMethodSelector] Including method pers.membrive.veracity.verifyProductTypeCheck()
[main] INFO org.testng.internal.Utils - [XmlMethodSelector] Including method pers.membrive.veracity.verifyProviderSelect()
[main] INFO org.testng.internal.Utils - [XmlMethodSelector] Including method pers.membrive.veracity.verifySearcher()
[main] INFO org.testng.internal.Utils - [Utils] MethodGroupsHelper.collectMethodsByGroup() took 0 ms.
[main] INFO org.testng.internal.Utils - [Utils] MethodGroupsHelper.sortMethods() took 0 ms.
[main] INFO org.testng.internal.Utils - [Utils] MethodGroupsHelper.collectMethodsByGroup() took 0 ms.
[main] INFO org.testng.internal.Utils - [Utils] MethodGroupsHelper.sortMethods() took 0 ms.
[main] INFO org.testng.internal.Utils - [Utils] MethodGroupsHelper.collectMethodsByGroup() took 0 ms.
[main] INFO org.testng.internal.Utils - [Utils] MethodGroupsHelper.sortMethods() took 0 ms.
[main] INFO org.testng.internal.Utils - [SuiteRunner] Created 1 TestRunners
[main] INFO org.testng.internal.Utils - [TestRunner] Running test suite on 7  classes,  included groups:[] excluded groups:[]
[main] INFO org.testng.TestClass - ===== Test class
pers.membrive.veracity.LoginTest
[main] INFO org.testng.TestClass -     @Test LoginTest.login()[pri:0, instance:pers.membrive.veracity.LoginTest@2145b572]
[main] INFO org.testng.TestClass - ======
[main] INFO org.testng.TestClass - ===== Test class
pers.membrive.veracity.ObtainProductTest
[main] INFO org.testng.TestClass -     @Test ObtainProductTest.obtainProduct()[pri:1, instance:pers.membrive.veracity.ObtainProductTest@7ed7259e]
[main] INFO org.testng.TestClass - ======
[main] INFO org.testng.TestClass - ===== Test class
pers.membrive.veracity.VerifyCategoryCheck
[main] INFO org.testng.TestClass -     @Test VerifyCategoryCheck.verifyCategoryCheck()[pri:3, instance:pers.membrive.veracity.VerifyCategoryCheck@28eaa59a]
[main] INFO org.testng.TestClass - ======
[main] INFO org.testng.TestClass - ===== Test class
pers.membrive.veracity.VerifyIndustryCheck
[main] INFO org.testng.TestClass -     @Test VerifyIndustryCheck.verifyIndustryCheck()[pri:0, instance:pers.membrive.veracity.VerifyIndustryCheck@3427b02d]
[main] INFO org.testng.TestClass - ======
[main] INFO org.testng.TestClass - ===== Test class
pers.membrive.veracity.VerifyProductTypeCheck
[main] INFO org.testng.TestClass -     @Test VerifyProductTypeCheck.verifyProductTypeCheck()[pri:0, instance:pers.membrive.veracity.VerifyProductTypeCheck@647e447]
[main] INFO org.testng.TestClass - ======
[main] INFO org.testng.TestClass - ===== Test class
pers.membrive.veracity.VerifyProviderSelect
[main] INFO org.testng.TestClass -     @Test VerifyProviderSelect.verifyProviderSelect()[pri:0, instance:pers.membrive.veracity.VerifyProviderSelect@41fbdac4]
[main] INFO org.testng.TestClass - ======
[main] INFO org.testng.TestClass - ===== Test class
pers.membrive.veracity.VerifySearcher
[main] INFO org.testng.TestClass -     @Test VerifySearcher.verifySearcher()[pri:0, instance:pers.membrive.veracity.VerifySearcher@3c407114]
[main] INFO org.testng.TestClass - ======
[main] INFO org.testng.internal.Utils - [Invoker 530737374] Keeping method LoginTest.initialize()[pri:0, instance:pers.membrive.veracity.LoginTest@2145b572] for class null
[main] INFO org.testng.internal.Utils - [Invoker 530737374] Keeping method ObtainProductTest.initialize()[pri:0, instance:pers.membrive.veracity.ObtainProductTest@7ed7259e] for class null
[main] INFO org.testng.internal.Utils - [Invoker 530737374] Keeping method VerifyCategoryCheck.initialize()[pri:0, instance:pers.membrive.veracity.VerifyCategoryCheck@28eaa59a] for class null
[main] INFO org.testng.internal.Utils - [Invoker 530737374] Keeping method VerifyIndustryCheck.initialize()[pri:0, instance:pers.membrive.veracity.VerifyIndustryCheck@3427b02d] for class null
[main] INFO org.testng.internal.Utils - [Invoker 530737374] Keeping method VerifyProductTypeCheck.initialize()[pri:0, instance:pers.membrive.veracity.VerifyProductTypeCheck@647e447] for class null
[main] INFO org.testng.internal.Utils - [Invoker 530737374] Keeping method VerifyProviderSelect.initialize()[pri:0, instance:pers.membrive.veracity.VerifyProviderSelect@41fbdac4] for class null
[main] INFO org.testng.internal.Utils - [Invoker 530737374] Keeping method VerifySearcher.initialize()[pri:0, instance:pers.membrive.veracity.VerifySearcher@3c407114] for class null
[main] INFO org.testng.internal.Utils - [Invoker 530737374] Invoking @BeforeTest LoginTest.initialize()[pri:0, instance:pers.membrive.veracity.LoginTest@2145b572]
Starting ChromeDriver 96.0.4664.45 (76e4c1bb2ab4671b8beba3444e61c0f17584b2fc-refs/branch-heads/4664@{#947}) on port 62442
Only local connections are allowed.
Please see https://chromedriver.chromium.org/security-considerations for suggestions on keeping ChromeDriver safe.
ChromeDriver was started successfully.
[1641989548.281][WARNING]: This version of ChromeDriver has not been tested with Chrome version 97.
ene 12, 2022 1:12:28 P. M. org.openqa.selenium.remote.ProtocolHandshake createSession
INFO: Detected dialect: W3C
ene 12, 2022 1:12:28 P. M. org.openqa.selenium.devtools.CdpVersionFinder findNearestMatch
WARNING: Unable to find an exact match for CDP version 97, so returning the closest version found: 96
ene 12, 2022 1:12:28 P. M. org.openqa.selenium.devtools.CdpVersionFinder findNearestMatch
INFO: Found CDP implementation for version 97 of 96
[main] INFO org.testng.internal.Utils - [Invoker 530737374] Invoking @BeforeTest ObtainProductTest.initialize()[pri:0, instance:pers.membrive.veracity.ObtainProductTest@7ed7259e]
Starting ChromeDriver 96.0.4664.45 (76e4c1bb2ab4671b8beba3444e61c0f17584b2fc-refs/branch-heads/4664@{#947}) on port 57549
Only local connections are allowed.
Please see https://chromedriver.chromium.org/security-considerations for suggestions on keeping ChromeDriver safe.
ChromeDriver was started successfully.
[1641989550.694][WARNING]: This version of ChromeDriver has not been tested with Chrome version 97.
ene 12, 2022 1:12:30 P. M. org.openqa.selenium.remote.ProtocolHandshake createSession
INFO: Detected dialect: W3C
ene 12, 2022 1:12:30 P. M. org.openqa.selenium.devtools.CdpVersionFinder findNearestMatch
WARNING: Unable to find an exact match for CDP version 97, so returning the closest version found: 96
ene 12, 2022 1:12:30 P. M. org.openqa.selenium.devtools.CdpVersionFinder findNearestMatch
INFO: Found CDP implementation for version 97 of 96
[main] INFO org.testng.internal.Utils - [Invoker 530737374] Invoking @BeforeTest VerifyCategoryCheck.initialize()[pri:0, instance:pers.membrive.veracity.VerifyCategoryCheck@28eaa59a]
Starting ChromeDriver 96.0.4664.45 (76e4c1bb2ab4671b8beba3444e61c0f17584b2fc-refs/branch-heads/4664@{#947}) on port 52477
Only local connections are allowed.
Please see https://chromedriver.chromium.org/security-considerations for suggestions on keeping ChromeDriver safe.
ChromeDriver was started successfully.
[1641989552.355][WARNING]: This version of ChromeDriver has not been tested with Chrome version 97.
ene 12, 2022 1:12:32 P. M. org.openqa.selenium.remote.ProtocolHandshake createSession
INFO: Detected dialect: W3C
ene 12, 2022 1:12:32 P. M. org.openqa.selenium.devtools.CdpVersionFinder findNearestMatch
WARNING: Unable to find an exact match for CDP version 97, so returning the closest version found: 96
ene 12, 2022 1:12:32 P. M. org.openqa.selenium.devtools.CdpVersionFinder findNearestMatch
INFO: Found CDP implementation for version 97 of 96
[main] INFO org.testng.internal.Utils - [Invoker 530737374] Invoking @BeforeTest VerifyIndustryCheck.initialize()[pri:0, instance:pers.membrive.veracity.VerifyIndustryCheck@3427b02d]
Starting ChromeDriver 96.0.4664.45 (76e4c1bb2ab4671b8beba3444e61c0f17584b2fc-refs/branch-heads/4664@{#947}) on port 64832
Only local connections are allowed.
Please see https://chromedriver.chromium.org/security-considerations for suggestions on keeping ChromeDriver safe.
ChromeDriver was started successfully.
[1641989554.146][WARNING]: This version of ChromeDriver has not been tested with Chrome version 97.
ene 12, 2022 1:12:34 P. M. org.openqa.selenium.remote.ProtocolHandshake createSession
INFO: Detected dialect: W3C
ene 12, 2022 1:12:34 P. M. org.openqa.selenium.devtools.CdpVersionFinder findNearestMatch
WARNING: Unable to find an exact match for CDP version 97, so returning the closest version found: 96
ene 12, 2022 1:12:34 P. M. org.openqa.selenium.devtools.CdpVersionFinder findNearestMatch
INFO: Found CDP implementation for version 97 of 96
[main] INFO org.testng.internal.Utils - [Invoker 530737374] Invoking @BeforeTest VerifyProductTypeCheck.initialize()[pri:0, instance:pers.membrive.veracity.VerifyProductTypeCheck@647e447]
Starting ChromeDriver 96.0.4664.45 (76e4c1bb2ab4671b8beba3444e61c0f17584b2fc-refs/branch-heads/4664@{#947}) on port 53932
Only local connections are allowed.
Please see https://chromedriver.chromium.org/security-considerations for suggestions on keeping ChromeDriver safe.
ChromeDriver was started successfully.
[1641989555.945][WARNING]: This version of ChromeDriver has not been tested with Chrome version 97.
ene 12, 2022 1:12:35 P. M. org.openqa.selenium.remote.ProtocolHandshake createSession
INFO: Detected dialect: W3C
ene 12, 2022 1:12:35 P. M. org.openqa.selenium.devtools.CdpVersionFinder findNearestMatch
WARNING: Unable to find an exact match for CDP version 97, so returning the closest version found: 96
ene 12, 2022 1:12:35 P. M. org.openqa.selenium.devtools.CdpVersionFinder findNearestMatch
INFO: Found CDP implementation for version 97 of 96
[main] INFO org.testng.internal.Utils - [Invoker 530737374] Invoking @BeforeTest VerifyProviderSelect.initialize()[pri:0, instance:pers.membrive.veracity.VerifyProviderSelect@41fbdac4]
Starting ChromeDriver 96.0.4664.45 (76e4c1bb2ab4671b8beba3444e61c0f17584b2fc-refs/branch-heads/4664@{#947}) on port 53314
Only local connections are allowed.
Please see https://chromedriver.chromium.org/security-considerations for suggestions on keeping ChromeDriver safe.
ChromeDriver was started successfully.
[1641989557.781][WARNING]: This version of ChromeDriver has not been tested with Chrome version 97.
ene 12, 2022 1:12:37 P. M. org.openqa.selenium.remote.ProtocolHandshake createSession
INFO: Detected dialect: W3C
ene 12, 2022 1:12:37 P. M. org.openqa.selenium.devtools.CdpVersionFinder findNearestMatch
WARNING: Unable to find an exact match for CDP version 97, so returning the closest version found: 96
ene 12, 2022 1:12:37 P. M. org.openqa.selenium.devtools.CdpVersionFinder findNearestMatch
INFO: Found CDP implementation for version 97 of 96
[main] INFO org.testng.internal.Utils - [Invoker 530737374] Invoking @BeforeTest VerifySearcher.initialize()[pri:0, instance:pers.membrive.veracity.VerifySearcher@3c407114]
Starting ChromeDriver 96.0.4664.45 (76e4c1bb2ab4671b8beba3444e61c0f17584b2fc-refs/branch-heads/4664@{#947}) on port 52714
Only local connections are allowed.
Please see https://chromedriver.chromium.org/security-considerations for suggestions on keeping ChromeDriver safe.
ChromeDriver was started successfully.
[1641989559.478][WARNING]: This version of ChromeDriver has not been tested with Chrome version 97.
ene 12, 2022 1:12:39 P. M. org.openqa.selenium.remote.ProtocolHandshake createSession
INFO: Detected dialect: W3C
ene 12, 2022 1:12:39 P. M. org.openqa.selenium.devtools.CdpVersionFinder findNearestMatch
WARNING: Unable to find an exact match for CDP version 97, so returning the closest version found: 96
ene 12, 2022 1:12:39 P. M. org.openqa.selenium.devtools.CdpVersionFinder findNearestMatch
INFO: Found CDP implementation for version 97 of 96
[main] INFO org.testng.internal.Utils - [Utils] DynamicGraphHelper.createDynamicGraph() took 5 ms.
[main] INFO org.testng.internal.Utils - [Invoker 530737374] No configuration methods found
[main] INFO org.testng.internal.Utils - [Invoker 530737374] No configuration methods found
[main] INFO org.testng.internal.Utils - [Invoker 530737374] Invoking pers.membrive.veracity.LoginTest.login
]]></system-err>
  </testcase>
  <testcase name="obtainProduct" classname="pers.membrive.veracity.ObtainProductTest" time="26.745">
    <system-out><![CDATA[13:12:42.964 [main] DEBUG pers.membrive.veracity.ObtainProductTest - Cookie alert accepted
13:12:43.767 [main] DEBUG pers.membrive.veracity.ObtainProductTest - On login window
13:12:44.740 [main] INFO  pers.membrive.veracity.ObtainProductTest - login succesful
13:12:48.270 [main] DEBUG pers.membrive.veracity.ObtainProductTest - On Marketplace window
13:12:50.345 [main] DEBUG pers.membrive.veracity.ObtainProductTest - On Product window
13:12:52.448 [main] INFO  pers.membrive.veracity.ObtainProductTest - The product is right!
13:12:52.527 [main] DEBUG pers.membrive.veracity.ObtainProductTest - Free access button accepted
13:12:52.602 [main] DEBUG pers.membrive.veracity.ObtainProductTest - Terms and conditions acepted
13:13:08.228 [main] DEBUG pers.membrive.veracity.ObtainProductTest - On My data 
13:13:09.631 [main] INFO  pers.membrive.veracity.ObtainProductTest - The product is obtained successfully
]]></system-out>
    <system-err><![CDATA[[main] INFO org.testng.internal.Utils - [Invoker 530737374] No configuration methods found
[main] INFO org.testng.internal.Utils - [Invoker 530737374] No configuration methods found
[main] INFO org.testng.internal.Utils - [Invoker 530737374] No configuration methods found
[main] INFO org.testng.internal.Utils - [Invoker 530737374] No configuration methods found
[main] INFO org.testng.internal.Utils - [Invoker 530737374] Invoking pers.membrive.veracity.ObtainProductTest.obtainProduct
]]></system-err>
  </testcase>
  <testcase name="verifyCategoryCheck" classname="pers.membrive.veracity.VerifyCategoryCheck" time="7.348">
    <system-out><![CDATA[13:13:09.683 [main] DEBUG pers.membrive.veracity.VerifyCategoryCheck - Cookie alert accepted
13:13:10.418 [main] DEBUG pers.membrive.veracity.VerifyCategoryCheck - On login window
13:13:11.419 [main] INFO  pers.membrive.veracity.VerifyCategoryCheck - login succesful
13:13:14.666 [main] DEBUG pers.membrive.veracity.VerifyCategoryCheck - On Marketplace window
13:13:16.506 [main] DEBUG pers.membrive.veracity.VerifyCategoryCheck - CyberSecurity check clicked
13:13:16.911 [main] INFO  pers.membrive.veracity.VerifyCategoryCheck - Cyber security selected successfully
13:13:16.981 [main] DEBUG pers.membrive.veracity.VerifyCategoryCheck - All checks have been cleaned
]]></system-out>
    <system-err><![CDATA[[main] INFO org.testng.internal.Utils - [Invoker 530737374] No configuration methods found
[main] INFO org.testng.internal.Utils - [Invoker 530737374] No configuration methods found
[main] INFO org.testng.internal.Utils - [Invoker 530737374] No configuration methods found
[main] INFO org.testng.internal.Utils - [Invoker 530737374] No configuration methods found
[main] INFO org.testng.internal.Utils - [Invoker 530737374] Invoking pers.membrive.veracity.VerifyCategoryCheck.verifyCategoryCheck
]]></system-err>
  </testcase>
  <testcase name="verifyIndustryCheck" classname="pers.membrive.veracity.VerifyIndustryCheck" time="7.051">
    <system-out><![CDATA[13:13:17.034 [main] DEBUG pers.membrive.veracity.VerifyIndustryCheck - Cookie alert accepted
13:13:17.818 [main] DEBUG pers.membrive.veracity.VerifyIndustryCheck - On login window
13:13:21.901 [main] DEBUG pers.membrive.veracity.VerifyIndustryCheck - On Marketplace window
13:13:23.415 [main] DEBUG pers.membrive.veracity.VerifyIndustryCheck - Oil and Gas check clicked
13:13:23.970 [main] INFO  pers.membrive.veracity.VerifyIndustryCheck - Check selected successfully
13:13:24.033 [main] DEBUG pers.membrive.veracity.VerifyIndustryCheck - All checks have been cleaned
]]></system-out>
    <system-err><![CDATA[[main] INFO org.testng.internal.Utils - [Invoker 530737374] No configuration methods found
[main] INFO org.testng.internal.Utils - [Invoker 530737374] No configuration methods found
[main] INFO org.testng.internal.Utils - [Invoker 530737374] No configuration methods found
[main] INFO org.testng.internal.Utils - [Invoker 530737374] No configuration methods found
[main] INFO org.testng.internal.Utils - [Invoker 530737374] Invoking pers.membrive.veracity.VerifyIndustryCheck.verifyIndustryCheck
]]></system-err>
  </testcase>
  <testcase name="verifyProductTypeCheck" classname="pers.membrive.veracity.VerifyProductTypeCheck" time="6.859">
    <system-out><![CDATA[13:13:24.077 [main] DEBUG pers.membrive.veracity.VerifyProductTypeCheck - Cookie alert accepted
13:13:24.715 [main] DEBUG pers.membrive.veracity.VerifyProductTypeCheck - On login window
13:13:25.672 [main] INFO  pers.membrive.veracity.VerifyProductTypeCheck - login succesful
13:13:28.467 [main] DEBUG pers.membrive.veracity.VerifyProductTypeCheck - On Marketplace window
13:13:30.351 [main] DEBUG pers.membrive.veracity.VerifyProductTypeCheck - Free check clicked
13:13:30.810 [main] INFO  pers.membrive.veracity.VerifyProductTypeCheck - Free Check selected successfully
13:13:30.891 [main] DEBUG pers.membrive.veracity.VerifyProductTypeCheck - All checks have been cleaned
]]></system-out>
    <system-err><![CDATA[[main] INFO org.testng.internal.Utils - [Invoker 530737374] No configuration methods found
[main] INFO org.testng.internal.Utils - [Invoker 530737374] No configuration methods found
[main] INFO org.testng.internal.Utils - [Invoker 530737374] No configuration methods found
[main] INFO org.testng.internal.Utils - [Invoker 530737374] No configuration methods found
[main] INFO org.testng.internal.Utils - [Invoker 530737374] Invoking pers.membrive.veracity.VerifyProductTypeCheck.verifyProductTypeCheck
]]></system-err>
  </testcase>
  <testcase name="verifyProviderSelect" classname="pers.membrive.veracity.VerifyProviderSelect" time="6.192">
    <system-out><![CDATA[13:13:30.949 [main] DEBUG pers.membrive.veracity.VerifyProviderSelect - Cookie alert accepted
13:13:31.667 [main] DEBUG pers.membrive.veracity.VerifyProviderSelect - On login window
13:13:32.551 [main] INFO  pers.membrive.veracity.VerifyProviderSelect - login succesful
13:13:35.347 [main] DEBUG pers.membrive.veracity.VerifyProviderSelect - On Marketplace window
13:13:36.311 [main] DEBUG pers.membrive.veracity.VerifyProviderSelect - scroll down on page
13:13:36.700 [main] DEBUG pers.membrive.veracity.VerifyProviderSelect - Provider Select clicked
13:13:37.003 [main] DEBUG pers.membrive.veracity.VerifyProviderSelect - Cisco Option selected
13:13:37.025 [main] INFO  pers.membrive.veracity.VerifyProviderSelect - Cisco Option selected successfully
13:13:37.084 [main] DEBUG pers.membrive.veracity.VerifyProviderSelect - All checks have been cleaned
]]></system-out>
    <system-err><![CDATA[[main] INFO org.testng.internal.Utils - [Invoker 530737374] No configuration methods found
[main] INFO org.testng.internal.Utils - [Invoker 530737374] No configuration methods found
[main] INFO org.testng.internal.Utils - [Invoker 530737374] No configuration methods found
[main] INFO org.testng.internal.Utils - [Invoker 530737374] No configuration methods found
[main] INFO org.testng.internal.Utils - [Invoker 530737374] Invoking pers.membrive.veracity.VerifyProviderSelect.verifyProviderSelect
]]></system-err>
  </testcase>
  <testcase name="verifySearcher" classname="pers.membrive.veracity.VerifySearcher" time="9.033">
    <system-out><![CDATA[13:13:37.135 [main] DEBUG pers.membrive.veracity.VerifySearcher - Cookie alert accepted
13:13:37.872 [main] DEBUG pers.membrive.veracity.VerifySearcher - On login window
13:13:38.860 [main] INFO  pers.membrive.veracity.VerifySearcher - login succesful
13:13:43.609 [main] DEBUG pers.membrive.veracity.VerifySearcher - On Marketplace window
13:13:43.668 [main] DEBUG pers.membrive.veracity.VerifySearcher - Searcher clicked
13:13:43.779 [main] DEBUG pers.membrive.veracity.VerifySearcher - Energy Transition Outlook 2021 dataset typed on searcher
13:13:44.449 [main] DEBUG pers.membrive.veracity.VerifySearcher - clicked on product result
13:13:46.118 [main] INFO  pers.membrive.veracity.VerifySearcher - the product clicked is right!
]]></system-out>
    <system-err><![CDATA[[main] INFO org.testng.internal.Utils - [Invoker 530737374] No configuration methods found
[main] INFO org.testng.internal.Utils - [Invoker 530737374] No configuration methods found
[main] INFO org.testng.internal.Utils - [Invoker 530737374] No configuration methods found
[main] INFO org.testng.internal.Utils - [Invoker 530737374] No configuration methods found
[main] INFO org.testng.internal.Utils - [Invoker 530737374] Invoking pers.membrive.veracity.VerifySearcher.verifySearcher
]]></system-err>
  </testcase>
</testsuite>