<?xml version="1.0" encoding="UTF-8"?>
<!-- Generated by org.testng.reporters.JUnitReportReporter -->
<testsuite hostname="DESKTOP-NP5PALL" failures="0" tests="5" name="pers.membrive.veracity.VerifyMarketplaceSelectorsTest" time="35.239" errors="0" timestamp="2022-01-12T16:07:55 CET" skipped="0">
  <testcase classname="pers.membrive.veracity.VerifyMarketplaceSelectorsTest" name="verifySearcherTest" time="7.830"/>
  <system-out/>
  <testcase classname="pers.membrive.veracity.VerifyMarketplaceSelectorsTest" name="verifyProviderSelectTest" time="5.989"/>
  <system-out/>
  <testcase classname="pers.membrive.veracity.VerifyMarketplaceSelectorsTest" name="verifyProductTypeCheckTest" time="6.550"/>
  <system-out/>
  <testcase classname="pers.membrive.veracity.VerifyMarketplaceSelectorsTest" name="verifyIndustryCheckTest" time="7.938"/>
  <system-out/>
  <testcase classname="pers.membrive.veracity.VerifyMarketplaceSelectorsTest" name="verifyCategoryCheckTest" time="6.932"/>
  <system-out/>
</testsuite> <!-- pers.membrive.veracity.VerifyMarketplaceSelectorsTest -->
