<?xml version="1.0" encoding="UTF-8"?>
<!-- Generated by org.testng.reporters.JUnitReportReporter -->
<testsuite hostname="DESKTOP-NP5PALL" failures="0" tests="1" name="pers.membrive.veracity.VerifyCategoryCheck" time="7.349" errors="0" timestamp="2022-01-12T13:13:47 CET" skipped="0">
  <testcase classname="pers.membrive.veracity.VerifyCategoryCheck" name="verifyCategoryCheck" time="7.349"/>
  <system-out/>
</testsuite> <!-- pers.membrive.veracity.VerifyCategoryCheck -->
