<?xml version="1.0" encoding="UTF-8"?>
<!-- Generated by org.testng.reporters.JUnitReportReporter -->
<testsuite hostname="DESKTOP-NP5PALL" failures="0" tests="1" name="pers.membrive.veracity.VerifyProviderSelectTest" time="5.894" errors="0" timestamp="2022-01-12T15:42:37 CET" skipped="0">
  <testcase classname="pers.membrive.veracity.VerifyProviderSelectTest" name="verifyProviderSelectTest" time="5.894"/>
  <system-out/>
</testsuite> <!-- pers.membrive.veracity.VerifyProviderSelectTest -->
