<?xml version="1.0" encoding="UTF-8"?>
<!-- Generated by org.testng.reporters.JUnitReportReporter -->
<testsuite hostname="DESKTOP-NP5PALL" failures="0" tests="1" name="pers.membrive.veracity.VerifySearcher" time="8.995" errors="0" timestamp="2022-01-12T11:21:54 CET" skipped="0">
  <testcase classname="pers.membrive.veracity.VerifySearcher" name="verifySearcher" time="8.995"/>
  <system-out/>
</testsuite> <!-- pers.membrive.veracity.VerifySearcher -->
