<?xml version="1.0" encoding="UTF-8"?>
<!-- Generated by org.testng.reporters.JUnitReportReporter -->
<testsuite hostname="DESKTOP-NP5PALL" failures="0" tests="1" name="pers.membrive.veracity.VerifyProviderSelect" time="6.149" errors="0" timestamp="2022-01-12T11:21:54 CET" skipped="0">
  <testcase classname="pers.membrive.veracity.VerifyProviderSelect" name="verifyProviderSelect" time="6.149"/>
  <system-out/>
</testsuite> <!-- pers.membrive.veracity.VerifyProviderSelect -->
