<?xml version="1.0" encoding="UTF-8"?>
<!-- Generated by org.testng.reporters.JUnitReportReporter -->
<testsuite hostname="DESKTOP-NP5PALL" failures="0" tests="1" name="pers.membrive.veracity.VerifyProductTypeCheckTest" time="7.156" errors="0" timestamp="2022-01-12T15:42:37 CET" skipped="0">
  <testcase classname="pers.membrive.veracity.VerifyProductTypeCheckTest" name="verifyProductTypeCheckTest" time="7.156"/>
  <system-out/>
</testsuite> <!-- pers.membrive.veracity.VerifyProductTypeCheckTest -->
