<?xml version="1.0" encoding="UTF-8"?>
<!-- Generated by org.testng.reporters.JUnitReportReporter -->
<testsuite hostname="DESKTOP-NP5PALL" failures="0" tests="1" name="pers.membrive.veracity.ObtainProduct" time="14.276" errors="0" timestamp="2022-01-12T11:21:54 CET" skipped="0">
  <testcase classname="pers.membrive.veracity.ObtainProduct" name="obtainProduct" time="14.276"/>
  <system-out/>
</testsuite> <!-- pers.membrive.veracity.ObtainProduct -->
