<?xml version="1.0" encoding="UTF-8"?>
<!-- Generated by org.testng.reporters.JUnitReportReporter -->
<testsuite hostname="DESKTOP-NP5PALL" failures="0" tests="1" name="pers.membrive.veracity.VerifyIndustryCheck" time="7.051" errors="0" timestamp="2022-01-12T13:13:47 CET" skipped="0">
  <testcase classname="pers.membrive.veracity.VerifyIndustryCheck" name="verifyIndustryCheck" time="7.051"/>
  <system-out/>
</testsuite> <!-- pers.membrive.veracity.VerifyIndustryCheck -->
