<?xml version="1.0" encoding="UTF-8"?>
<!-- Generated by org.testng.reporters.JUnitReportReporter -->
<testsuite hostname="DESKTOP-NP5PALL" failures="0" tests="1" name="pers.membrive.veracity.ObtainProductTest" time="27.868" errors="0" timestamp="2022-01-12T16:07:55 CET" skipped="0">
  <testcase classname="pers.membrive.veracity.ObtainProductTest" name="obtainProductTest" time="27.868"/>
  <system-out/>
</testsuite> <!-- pers.membrive.veracity.ObtainProductTest -->
