<?xml version="1.0" encoding="UTF-8"?>
<!-- Generated by org.testng.reporters.JUnitReportReporter -->
<testsuite hostname="DESKTOP-NP5PALL" failures="0" tests="1" name="pers.membrive.veracity.ObtainProduct" time="17.974" errors="0" timestamp="2022-01-12T13:05:27 CET" skipped="0">
  <testcase classname="pers.membrive.veracity.ObtainProduct" name="obtainProduct" time="17.974"/>
  <system-out/>
</testsuite> <!-- pers.membrive.veracity.ObtainProduct -->
