<?xml version="1.0" encoding="UTF-8"?>
<!-- Generated by org.testng.reporters.JUnitReportReporter -->
<testsuite hostname="DESKTOP-NP5PALL" failures="0" tests="1" name="pers.membrive.veracity.Login" time="1.781" errors="0" timestamp="2022-01-11T14:55:54 CET" skipped="0">
  <testcase classname="pers.membrive.veracity.Login" name="login" time="1.781"/>
  <system-out/>
</testsuite> <!-- pers.membrive.veracity.Login -->
